<?xml version="1.0" encoding="UTF-8"?>
<!-- Generated by org.testng.reporters.JUnitXMLReporter -->
<testsuite hostname="Arun-PC" ignored="8" name="Test" tests="5" failures="0" timestamp="05 Jan 2020 07:04:00 GMT" time="0.22" errors="0">
  <testcase name="createLead" time="0.0" classname="testCases.TC001_CreateLead">
    <skipped/>
  </testcase> <!-- createLead -->
  <testcase name="createLead" time="0.0" classname="testCases.TC002_CreateLeadNeg">
    <skipped/>
  </testcase> <!-- createLead -->
  <testcase name="editLead" time="0.0" classname="testCases.TC004_EditLead">
    <skipped/>
  </testcase> <!-- editLead -->
  <testcase name="deleteLead" time="0.0" classname="testCases.TC005_DeleteLead">
    <skipped/>
  </testcase> <!-- deleteLead -->
  <testcase name="duplicateLead" time="0.0" classname="testCases.TC006_DuplicateLead">
    <skipped/>
  </testcase> <!-- duplicateLead -->
  <testcase name="@BeforeSuite startSuite" time="0.0" classname="wdMethods.Annotations">
    <ignored/>
  </testcase> <!-- @BeforeSuite startSuite -->
  <testcase name="@BeforeSuite startSuite" time="0.0" classname="wdMethods.Annotations">
    <ignored/>
  </testcase> <!-- @BeforeSuite startSuite -->
  <testcase name="@BeforeSuite startSuite" time="0.0" classname="wdMethods.Annotations">
    <ignored/>
  </testcase> <!-- @BeforeSuite startSuite -->
  <testcase name="@BeforeSuite startSuite" time="0.0" classname="wdMethods.Annotations">
    <ignored/>
  </testcase> <!-- @BeforeSuite startSuite -->
  <testcase name="@AfterSuite endSuite" time="0.0" classname="wdMethods.Annotations">
    <ignored/>
  </testcase> <!-- @AfterSuite endSuite -->
  <testcase name="@AfterSuite endSuite" time="0.0" classname="wdMethods.Annotations">
    <ignored/>
  </testcase> <!-- @AfterSuite endSuite -->
  <testcase name="@AfterSuite endSuite" time="0.0" classname="wdMethods.Annotations">
    <ignored/>
  </testcase> <!-- @AfterSuite endSuite -->
  <testcase name="@AfterSuite endSuite" time="0.0" classname="wdMethods.Annotations">
    <ignored/>
  </testcase> <!-- @AfterSuite endSuite -->
</testsuite> <!-- Test -->
